2020-03-13 00:09:30.655 [main] INFO  com.imooc.o2o.O2oApplication -Starting O2oApplication on LAPTOP-EA5NRB04 with PID 9484 (D:\maven\o2o\target\classes started by zqw in D:\maven\o2o)
2020-03-13 00:09:30.655 [main] INFO  com.imooc.o2o.O2oApplication -No active profile set, falling back to default profiles: default
2020-03-13 00:10:31.770 [main] INFO  com.imooc.o2o.O2oApplication -Starting O2oApplication on LAPTOP-EA5NRB04 with PID 19356 (D:\maven\o2o\target\classes started by zqw in D:\maven\o2o)
2020-03-13 00:10:31.770 [main] INFO  com.imooc.o2o.O2oApplication -No active profile set, falling back to default profiles: default
2020-03-13 00:12:53.353 [main] INFO  com.imooc.o2o.O2oApplication -Starting O2oApplication on LAPTOP-EA5NRB04 with PID 19816 (D:\maven\o2o\target\classes started by zqw in D:\maven\o2o)
2020-03-13 00:12:53.363 [main] INFO  com.imooc.o2o.O2oApplication -No active profile set, falling back to default profiles: default
2020-03-13 00:12:55.430 [main] INFO  com.imooc.o2o.O2oApplication -Started O2oApplication in 2.199 seconds (JVM running for 3.071)
2020-03-13 00:19:38.999 [main] INFO  com.imooc.o2o.O2oApplication -Starting O2oApplication on LAPTOP-EA5NRB04 with PID 17452 (D:\maven\o2o\target\classes started by zqw in D:\maven\o2o)
2020-03-13 00:19:38.999 [main] INFO  com.imooc.o2o.O2oApplication -No active profile set, falling back to default profiles: default
2020-03-13 00:19:41.934 [main] INFO  com.imooc.o2o.O2oApplication -Started O2oApplication in 3.135 seconds (JVM running for 4.409)
2020-03-13 00:23:36.891 [main] INFO  com.imooc.o2o.O2oApplication -Starting O2oApplication on LAPTOP-EA5NRB04 with PID 3496 (D:\maven\o2o\target\classes started by zqw in D:\maven\o2o)
2020-03-13 00:23:36.891 [main] INFO  com.imooc.o2o.O2oApplication -No active profile set, falling back to default profiles: default
2020-03-13 00:23:38.876 [main] INFO  com.imooc.o2o.O2oApplication -Started O2oApplication in 2.133 seconds (JVM running for 3.057)
2020-03-13 00:28:51.668 [main] INFO  com.imooc.o2o.O2oApplication -Starting O2oApplication on LAPTOP-EA5NRB04 with PID 7228 (D:\maven\o2o\target\classes started by zqw in D:\maven\o2o)
2020-03-13 00:28:51.668 [main] INFO  com.imooc.o2o.O2oApplication -No active profile set, falling back to default profiles: default
2020-03-13 00:28:54.668 [main] INFO  com.imooc.o2o.O2oApplication -Started O2oApplication in 3.206 seconds (JVM running for 4.608)
2020-03-13 00:35:56.422 [main] INFO  com.imooc.o2o.O2oApplication -Starting O2oApplication on LAPTOP-EA5NRB04 with PID 11772 (D:\maven\o2o\target\classes started by zqw in D:\maven\o2o)
2020-03-13 00:35:56.422 [main] INFO  com.imooc.o2o.O2oApplication -No active profile set, falling back to default profiles: default
2020-03-13 00:35:58.531 [main] INFO  com.imooc.o2o.O2oApplication -Started O2oApplication in 2.238 seconds (JVM running for 3.106)
2020-03-13 00:41:18.390 [main] INFO  com.imooc.o2o.O2oApplication -Starting O2oApplication on LAPTOP-EA5NRB04 with PID 21300 (D:\maven\o2o\target\classes started by zqw in D:\maven\o2o)
2020-03-13 00:41:18.391 [main] INFO  com.imooc.o2o.O2oApplication -No active profile set, falling back to default profiles: default
2020-03-13 00:41:20.700 [main] INFO  com.imooc.o2o.O2oApplication -Started O2oApplication in 2.493 seconds (JVM running for 3.402)
2020-03-13 00:46:19.193 [main] INFO  com.imooc.o2o.O2oApplication -Starting O2oApplication on LAPTOP-EA5NRB04 with PID 14164 (D:\maven\o2o\target\classes started by zqw in D:\maven\o2o)
2020-03-13 00:46:19.193 [main] INFO  com.imooc.o2o.O2oApplication -No active profile set, falling back to default profiles: default
2020-03-13 00:46:21.374 [main] INFO  com.imooc.o2o.O2oApplication -Started O2oApplication in 2.346 seconds (JVM running for 3.311)
2020-03-13 00:54:27.099 [main] INFO  com.imooc.o2o.O2oApplication -Starting O2oApplication on LAPTOP-EA5NRB04 with PID 10200 (D:\maven\o2o\target\classes started by zqw in D:\maven\o2o)
2020-03-13 00:54:27.099 [main] INFO  com.imooc.o2o.O2oApplication -No active profile set, falling back to default profiles: default
2020-03-13 00:54:29.825 [main] INFO  com.imooc.o2o.O2oApplication -Started O2oApplication in 2.921 seconds (JVM running for 4.238)
2020-03-13 01:00:21.138 [main] INFO  com.imooc.o2o.O2oApplication -Starting O2oApplication on LAPTOP-EA5NRB04 with PID 19036 (D:\maven\o2o\target\classes started by zqw in D:\maven\o2o)
2020-03-13 01:00:21.138 [main] INFO  com.imooc.o2o.O2oApplication -No active profile set, falling back to default profiles: default
2020-03-13 01:00:23.880 [main] INFO  com.imooc.o2o.O2oApplication -Started O2oApplication in 2.939 seconds (JVM running for 4.257)
2020-03-13 01:05:05.170 [main] INFO  com.imooc.o2o.O2oApplication -Starting O2oApplication on LAPTOP-EA5NRB04 with PID 19564 (D:\maven\o2o\target\classes started by zqw in D:\maven\o2o)
2020-03-13 01:05:05.170 [main] INFO  com.imooc.o2o.O2oApplication -No active profile set, falling back to default profiles: default
2020-03-13 01:05:08.051 [main] INFO  com.imooc.o2o.O2oApplication -Started O2oApplication in 3.09 seconds (JVM running for 4.366)
2020-03-13 01:14:07.592 [main] INFO  com.imooc.o2o.O2oApplication -Starting O2oApplication on LAPTOP-EA5NRB04 with PID 15556 (D:\maven\o2o\target\classes started by zqw in D:\maven\o2o)
2020-03-13 01:14:07.592 [main] INFO  com.imooc.o2o.O2oApplication -No active profile set, falling back to default profiles: default
2020-03-13 01:14:10.656 [main] INFO  com.imooc.o2o.O2oApplication -Started O2oApplication in 3.279 seconds (JVM running for 4.684)
2020-03-13 13:26:08.916 [main] INFO  com.imooc.o2o.O2oApplication -Starting O2oApplication on LAPTOP-EA5NRB04 with PID 10512 (D:\maven\o2o\target\classes started by zqw in D:\maven\o2o)
2020-03-13 13:26:08.918 [main] INFO  com.imooc.o2o.O2oApplication -No active profile set, falling back to default profiles: default
2020-03-13 13:26:13.025 [main] INFO  com.imooc.o2o.O2oApplication -Started O2oApplication in 4.41 seconds (JVM running for 6.657)
2020-03-13 13:44:58.763 [main] INFO  com.imooc.o2o.dao.UserProductMapDaoTest -Starting UserProductMapDaoTest on LAPTOP-EA5NRB04 with PID 8540 (started by zqw in D:\maven\o2o)
2020-03-13 13:44:58.765 [main] INFO  com.imooc.o2o.dao.UserProductMapDaoTest -No active profile set, falling back to default profiles: default
2020-03-13 13:45:01.878 [main] INFO  com.imooc.o2o.dao.UserProductMapDaoTest -Started UserProductMapDaoTest in 3.304 seconds (JVM running for 4.025)
2020-03-13 15:39:21.830 [main] INFO  com.imooc.o2o.O2oApplication -Starting O2oApplication on LAPTOP-EA5NRB04 with PID 13872 (D:\maven\o2o\target\classes started by zqw in D:\maven\o2o)
2020-03-13 15:39:21.830 [main] INFO  com.imooc.o2o.O2oApplication -No active profile set, falling back to default profiles: default
2020-03-13 15:39:25.007 [main] INFO  com.imooc.o2o.O2oApplication -Started O2oApplication in 3.403 seconds (JVM running for 4.932)
2020-03-13 16:12:10.629 [main] INFO  com.imooc.o2o.O2oApplication -Starting O2oApplication on LAPTOP-EA5NRB04 with PID 18188 (D:\maven\o2o\target\classes started by zqw in D:\maven\o2o)
2020-03-13 16:12:10.629 [main] INFO  com.imooc.o2o.O2oApplication -No active profile set, falling back to default profiles: default
2020-03-13 16:12:13.354 [main] INFO  com.imooc.o2o.O2oApplication -Started O2oApplication in 2.936 seconds (JVM running for 3.879)
2020-03-13 16:14:23.994 [main] INFO  com.imooc.o2o.O2oApplication -Starting O2oApplication on LAPTOP-EA5NRB04 with PID 20176 (D:\maven\o2o\target\classes started by zqw in D:\maven\o2o)
2020-03-13 16:14:23.994 [main] INFO  com.imooc.o2o.O2oApplication -No active profile set, falling back to default profiles: default
2020-03-13 16:14:25.858 [main] INFO  com.imooc.o2o.O2oApplication -Started O2oApplication in 1.995 seconds (JVM running for 2.795)
2020-03-13 16:15:56.774 [main] INFO  com.imooc.o2o.O2oApplication -Starting O2oApplication on LAPTOP-EA5NRB04 with PID 17000 (D:\maven\o2o\target\classes started by zqw in D:\maven\o2o)
2020-03-13 16:15:56.774 [main] INFO  com.imooc.o2o.O2oApplication -No active profile set, falling back to default profiles: default
2020-03-13 16:15:58.718 [main] INFO  com.imooc.o2o.O2oApplication -Started O2oApplication in 2.091 seconds (JVM running for 3.049)
2020-03-13 16:24:03.359 [main] INFO  com.imooc.o2o.O2oApplication -Starting O2oApplication on LAPTOP-EA5NRB04 with PID 15496 (D:\maven\o2o\target\classes started by zqw in D:\maven\o2o)
2020-03-13 16:24:03.367 [main] INFO  com.imooc.o2o.O2oApplication -No active profile set, falling back to default profiles: default
2020-03-13 16:24:06.173 [main] INFO  com.imooc.o2o.O2oApplication -Started O2oApplication in 3.026 seconds (JVM running for 4.303)
2020-03-13 16:25:22.469 [main] INFO  com.imooc.o2o.O2oApplication -Starting O2oApplication on LAPTOP-EA5NRB04 with PID 20996 (D:\maven\o2o\target\classes started by zqw in D:\maven\o2o)
2020-03-13 16:25:22.469 [main] INFO  com.imooc.o2o.O2oApplication -No active profile set, falling back to default profiles: default
2020-03-13 16:25:25.446 [main] INFO  com.imooc.o2o.O2oApplication -Started O2oApplication in 3.189 seconds (JVM running for 4.563)
2020-03-13 16:25:34.136 [main] INFO  com.imooc.o2o.O2oApplication -Starting O2oApplication on LAPTOP-EA5NRB04 with PID 5400 (D:\maven\o2o\target\classes started by zqw in D:\maven\o2o)
2020-03-13 16:25:34.136 [main] INFO  com.imooc.o2o.O2oApplication -No active profile set, falling back to default profiles: default
2020-03-13 16:26:10.679 [main] INFO  com.imooc.o2o.O2oApplication -Starting O2oApplication on LAPTOP-EA5NRB04 with PID 7284 (D:\maven\o2o\target\classes started by zqw in D:\maven\o2o)
2020-03-13 16:26:10.679 [main] INFO  com.imooc.o2o.O2oApplication -No active profile set, falling back to default profiles: default
2020-03-13 16:26:13.469 [main] INFO  com.imooc.o2o.O2oApplication -Started O2oApplication in 2.992 seconds (JVM running for 4.302)
2020-03-13 16:28:11.186 [main] INFO  com.imooc.o2o.O2oApplication -Starting O2oApplication on LAPTOP-EA5NRB04 with PID 20740 (D:\maven\o2o\target\classes started by zqw in D:\maven\o2o)
2020-03-13 16:28:11.186 [main] INFO  com.imooc.o2o.O2oApplication -No active profile set, falling back to default profiles: default
2020-03-13 16:28:13.614 [main] INFO  com.imooc.o2o.O2oApplication -Started O2oApplication in 2.575 seconds (JVM running for 3.61)
2020-03-13 16:34:58.497 [main] INFO  com.imooc.o2o.O2oApplication -Starting O2oApplication on LAPTOP-EA5NRB04 with PID 15984 (D:\maven\o2o\target\classes started by zqw in D:\maven\o2o)
2020-03-13 16:34:58.501 [main] INFO  com.imooc.o2o.O2oApplication -No active profile set, falling back to default profiles: default
2020-03-13 16:35:00.752 [main] INFO  com.imooc.o2o.O2oApplication -Started O2oApplication in 2.423 seconds (JVM running for 3.47)
2020-03-13 16:37:40.460 [main] INFO  com.imooc.o2o.O2oApplication -Starting O2oApplication on LAPTOP-EA5NRB04 with PID 18104 (D:\maven\o2o\target\classes started by zqw in D:\maven\o2o)
2020-03-13 16:37:40.460 [main] INFO  com.imooc.o2o.O2oApplication -No active profile set, falling back to default profiles: default
2020-03-13 16:37:42.819 [main] INFO  com.imooc.o2o.O2oApplication -Started O2oApplication in 2.531 seconds (JVM running for 3.585)
